2025-06-07 00:26:39,364 - INFO - ETL process started.
2025-06-07 00:26:39,744 - INFO - Extracting schema from geodatabase...
2025-06-07 00:27:32,479 - INFO - ETL process started.
2025-06-07 00:27:32,491 - INFO - Extracting schema from geodatabase...
2025-06-07 00:28:38,577 - INFO - ETL process started.
2025-06-07 00:28:38,666 - INFO - Extracting schema from geodatabase...
2025-06-07 00:28:38,719 - INFO - Starting data validation and cleaning...
2025-06-07 00:28:38,724 - WARNING - Found 9 rows with missing values.
2025-06-07 00:28:38,727 - INFO - Duplicates removed.
2025-06-07 00:28:38,730 - INFO - Validation issues saved to CSV.
2025-06-07 00:28:38,732 - INFO - Loading CleanedData into geodatabase...
2025-06-07 00:28:39,098 - INFO - CleanedData successfully loaded into geodatabase.
2025-06-07 00:28:39,102 - INFO - Loading ValidationIssues into geodatabase...
2025-06-07 00:28:39,240 - INFO - ValidationIssues successfully loaded into geodatabase.
2025-06-07 00:28:39,240 - INFO - ETL process completed successfully.
2025-06-07 16:27:11,524 - INFO - ETL Completed Successfully
2025-06-08 21:24:10,835 - INFO - ETL process started.
2025-06-08 21:24:10,930 - INFO - Extracting schema from geodatabase...
2025-06-08 21:24:10,989 - INFO - Starting data validation and cleaning...
2025-06-08 21:24:10,993 - WARNING - Found 9 rows with missing values.
2025-06-08 21:24:10,994 - INFO - Duplicates removed.
2025-06-08 21:24:10,998 - INFO - Validation issues saved to CSV.
2025-06-08 21:24:11,279 - INFO - Loading CleanedData into geodatabase...
2025-06-08 21:24:11,502 - INFO - CleanedData successfully loaded into geodatabase.
2025-06-08 21:24:11,505 - INFO - Loading ValidationIssues into geodatabase...
2025-06-08 21:24:11,647 - INFO - ValidationIssues successfully loaded into geodatabase.
2025-06-08 21:24:11,647 - INFO - ETL process completed successfully.
